Box(left=516, top=839, width=711, height=358)
总3次面板兑换，第1次开始
发现物品<无脑丢弃的蜕变石x20>,价值1.9999999999999998e-05,使用兑换通货Grand最低价值要求为6
<无脑丢弃的蜕变石x20>丢弃！
发现物品<x5>,价值55.0,使用兑换通货Grand最低价值要求为6
<x5>保留！
发现物品<x20>,价值220.0,使用兑换通货Grand最低价值要求为6
<x20>保留！
发现物品<悲痛之咆哮精华x2>,价值2.0,使用兑换通货Greater最低价值要求为2
<悲痛之咆哮精华x2>保留！
发现物品<无脑丢弃的磨刀石x10>,价值9.999999999999999e-06,使用兑换通货Greater最低价值要求为2
<无脑丢弃的磨刀石x10>丢弃！
发现物品<炽炎化石x2>,价值2.0,使用兑换通货Lesser最低价值要求为2
<炽炎化石x2>保留！
发现物品<无脑丢弃的蜕变石x20>,价值1.9999999999999998e-05,使用兑换通货Lesser最低价值要求为2
<无脑丢弃的蜕变石x20>丢弃！
发现物品<正午的奉献x1>,价值0.99,使用兑换通货Lesser最低价值要求为2
<正午的奉献x1>丢弃！
发现物品<x10>,价值110.0,使用兑换通货Lesser最低价值要求为2
<x10>保留！
发现物品<x5>,价值55.0,使用兑换通货Lesser最低价值要求为2
<x5>保留！
发现物品<x10>,价值110.0,使用兑换通货Lesser最低价值要求为2
<x10>保留！
发现物品<x10>,价值110.0,使用兑换通货Lesser最低价值要求为2
<x10>保留！
当前面板兑换结束！
总3次，第1次结束
总3次面板兑换，第2次开始
结束键被按下,程序终止！！！
